<?xml version="1.0" encoding="UTF-8"?>
<!-- Generated by org.testng.reporters.JUnitXMLReporter -->
<testsuite ignored="0" hostname="LAPTOP-1J3MVQTD" failures="3" tests="6" name="Test" time="55.556" errors="0" timestamp="2021-08-27T13:38:39 IST">
  <testcase classname="com.qa.testscript.AmazonSearch_001" name="SearchItem" time="0.837">
    <failure type="java.lang.NullPointerException" message="Cannot invoke &amp;quot;String.contains(java.lang.CharSequence)&amp;quot; because &amp;quot;toEscape&amp;quot; is null">
      <![CDATA[java.lang.NullPointerException: Cannot invoke "String.contains(java.lang.CharSequence)" because "toEscape" is null
at org.openqa.selenium.support.ui.Quotes.escape(Quotes.java:42)
at org.openqa.selenium.support.ui.Select.selectByVisibleText(Select.java:113)
at com.qa.testscript.AmazonSearch_001.SearchItem(AmazonSearch_001.java:20)
at java.base/java.util.ArrayList.forEach(ArrayList.java:1511)
... Removed 27 stack frames]]>
    </failure>
  </testcase> <!-- SearchItem -->
  <testcase classname="com.qa.testscript.AmazonSearch_001" name="SearchItem" time="0.055">
    <failure type="java.lang.NullPointerException" message="Cannot invoke &amp;quot;String.contains(java.lang.CharSequence)&amp;quot; because &amp;quot;toEscape&amp;quot; is null">
      <![CDATA[java.lang.NullPointerException: Cannot invoke "String.contains(java.lang.CharSequence)" because "toEscape" is null
at org.openqa.selenium.support.ui.Quotes.escape(Quotes.java:42)
at org.openqa.selenium.support.ui.Select.selectByVisibleText(Select.java:113)
at com.qa.testscript.AmazonSearch_001.SearchItem(AmazonSearch_001.java:20)
at java.base/java.util.ArrayList.forEach(ArrayList.java:1511)
... Removed 27 stack frames]]>
    </failure>
  </testcase> <!-- SearchItem -->
  <testcase classname="com.qa.testscript.AmazonSearch_001" name="SearchItem" time="0.051">
    <failure type="java.lang.NullPointerException" message="Cannot invoke &amp;quot;String.contains(java.lang.CharSequence)&amp;quot; because &amp;quot;toEscape&amp;quot; is null">
      <![CDATA[java.lang.NullPointerException: Cannot invoke "String.contains(java.lang.CharSequence)" because "toEscape" is null
at org.openqa.selenium.support.ui.Quotes.escape(Quotes.java:42)
at org.openqa.selenium.support.ui.Select.selectByVisibleText(Select.java:113)
at com.qa.testscript.AmazonSearch_001.SearchItem(AmazonSearch_001.java:20)
at java.base/java.util.ArrayList.forEach(ArrayList.java:1511)
... Removed 27 stack frames]]>
    </failure>
  </testcase> <!-- SearchItem -->
  <testcase classname="com.qa.testscript.Amazon_Screenshots" name="screenshotOfDriver" time="2.845"/>
  <testcase classname="com.qa.testscript.Amazon_Screenshots" name="screenshotOfElement" time="2.98"/>
  <testcase classname="com.qa.testscript.Amazon_Screenshots" name="screenshotOfFullPage" time="16.774"/>
</testsuite> <!-- Test -->
